  Compiling CUDA source file convolution2D.cu...
  
  C:\Users\Roku\Desktop\ECE 810A Lab 3_Hao Lu\convolution2D>"C:\Program Files\NVIDIA GPU Computing Toolkit\CUDA\v11.1\bin\nvcc.exe" -gencode=arch=compute_35,code=\"sm_35,compute_35\" -gencode=arch=compute_37,code=\"sm_37,compute_37\" -gencode=arch=compute_50,code=\"sm_50,compute_50\" -gencode=arch=compute_52,code=\"sm_52,compute_52\" -gencode=arch=compute_60,code=\"sm_60,compute_60\" -gencode=arch=compute_61,code=\"sm_61,compute_61\" -gencode=arch=compute_70,code=\"sm_70,compute_70\" -gencode=arch=compute_75,code=\"sm_75,compute_75\" -gencode=arch=compute_80,code=\"sm_80,compute_80\" -gencode=arch=compute_86,code=\"sm_86,compute_86\" --use-local-env -ccbin "C:\Program Files (x86)\Microsoft Visual Studio\2019\Community\VC\Tools\MSVC\14.27.29110\bin\HostX86\x64" -x cu   -I./ -I../../common/inc -I./ -I"C:\Program Files\NVIDIA GPU Computing Toolkit\CUDA\v11.1\/include" -I../../common/inc -I"C:\Program Files\NVIDIA GPU Computing Toolkit\CUDA\v11.1\include"  -G   --keep-dir x64\Debug -maxrregcount=0  --machine 64 --compile -cudart static -Xcompiler "/wd 4819" -g   -DWIN32 -DWIN32 -D_MBCS -D_MBCS -Xcompiler "/EHsc /W3 /nologo /Od /Fdx64/Debug/vc142.pdb /FS /Zi /RTC1 /MTd " -o x64/Debug/convolution2D.cu.obj "C:\Users\Roku\Desktop\ECE 810A Lab 3_Hao Lu\convolution2D\convolution2D.cu" 
C:/Users/Roku/Desktop/ECE 810A Lab 3_Hao Lu/convolution2D/convolution2D.cu(108): warning : variable "h_Output1" was declared but never referenced
  
C:/Users/Roku/Desktop/ECE 810A Lab 3_Hao Lu/convolution2D/convolution2D.cu(130): warning : variable "d_Output1" was declared but never referenced
  
C:/Users/Roku/Desktop/ECE 810A Lab 3_Hao Lu/convolution2D/convolution2D.cu(108): warning : variable "h_Output1" was declared but never referenced
  
C:/Users/Roku/Desktop/ECE 810A Lab 3_Hao Lu/convolution2D/convolution2D.cu(130): warning : variable "d_Output1" was declared but never referenced
  
C:/Users/Roku/Desktop/ECE 810A Lab 3_Hao Lu/convolution2D/convolution2D.cu(108): warning : variable "h_Output1" was declared but never referenced
  
C:/Users/Roku/Desktop/ECE 810A Lab 3_Hao Lu/convolution2D/convolution2D.cu(130): warning : variable "d_Output1" was declared but never referenced
  
C:/Users/Roku/Desktop/ECE 810A Lab 3_Hao Lu/convolution2D/convolution2D.cu(108): warning : variable "h_Output1" was declared but never referenced
  
C:/Users/Roku/Desktop/ECE 810A Lab 3_Hao Lu/convolution2D/convolution2D.cu(130): warning : variable "d_Output1" was declared but never referenced
  
C:/Users/Roku/Desktop/ECE 810A Lab 3_Hao Lu/convolution2D/convolution2D.cu(108): warning : variable "h_Output1" was declared but never referenced
  
C:/Users/Roku/Desktop/ECE 810A Lab 3_Hao Lu/convolution2D/convolution2D.cu(130): warning : variable "d_Output1" was declared but never referenced
  
C:/Users/Roku/Desktop/ECE 810A Lab 3_Hao Lu/convolution2D/convolution2D.cu(108): warning : variable "h_Output1" was declared but never referenced
  
C:/Users/Roku/Desktop/ECE 810A Lab 3_Hao Lu/convolution2D/convolution2D.cu(130): warning : variable "d_Output1" was declared but never referenced
  
C:/Users/Roku/Desktop/ECE 810A Lab 3_Hao Lu/convolution2D/convolution2D.cu(108): warning : variable "h_Output1" was declared but never referenced
  
C:/Users/Roku/Desktop/ECE 810A Lab 3_Hao Lu/convolution2D/convolution2D.cu(130): warning : variable "d_Output1" was declared but never referenced
  
C:/Users/Roku/Desktop/ECE 810A Lab 3_Hao Lu/convolution2D/convolution2D.cu(108): warning : variable "h_Output1" was declared but never referenced
  
C:/Users/Roku/Desktop/ECE 810A Lab 3_Hao Lu/convolution2D/convolution2D.cu(130): warning : variable "d_Output1" was declared but never referenced
  
C:/Users/Roku/Desktop/ECE 810A Lab 3_Hao Lu/convolution2D/convolution2D.cu(108): warning : variable "h_Output1" was declared but never referenced
  
C:/Users/Roku/Desktop/ECE 810A Lab 3_Hao Lu/convolution2D/convolution2D.cu(130): warning : variable "d_Output1" was declared but never referenced
  
C:/Users/Roku/Desktop/ECE 810A Lab 3_Hao Lu/convolution2D/convolution2D.cu(108): warning : variable "h_Output1" was declared but never referenced
  
C:/Users/Roku/Desktop/ECE 810A Lab 3_Hao Lu/convolution2D/convolution2D.cu(130): warning : variable "d_Output1" was declared but never referenced
  
CUDACOMPILE : nvcc warning : The 'compute_35', 'compute_37', 'compute_50', 'sm_35', 'sm_37' and 'sm_50' architectures are deprecated, and may be removed in a future release (Use -Wno-deprecated-gpu-targets to suppress warning).
  convolution2D.cu
C:/Users/Roku/Desktop/ECE 810A Lab 3_Hao Lu/convolution2D/convolution2D.cu(116): warning C4018: '<': signed/unsigned mismatch
C:/Users/Roku/Desktop/ECE 810A Lab 3_Hao Lu/convolution2D/convolution2D.cu(130): warning C4101: 'd_Output1': unreferenced local variable
C:/Users/Roku/Desktop/ECE 810A Lab 3_Hao Lu/convolution2D/convolution2D.cu(108): warning C4101: 'h_Output1': unreferenced local variable
     Creating library ../../bin/win64/Debug/convolution2D.lib and object ../../bin/win64/Debug/convolution2D.exp
  convolution2D_vs2019.vcxproj -> C:\Users\Roku\Desktop\ECE 810A Lab 3_Hao Lu\convolution2D\../../bin/win64/Debug/convolution2D.exe
